Start testing: Mar 22 14:47 EDT
----------------------------------------------------------
1/4 Testing: void
1/4 Test: void
Command: "/home/andres/Documents/github/library/tests/void/void.out" "-N" "5" "-I" "../input/prob_4/400/00400_1"
Directory: /home/andres/Documents/github/library/build
"void" start time: Mar 22 14:47 EDT
Output:
----------------------------------------------------------
argc: 5, threads: 5, prob : 4, filename: ../input/prob_4/400/00400_1 
!-------------------------run # 1 -------------------------!
VC = 172.....process -1, thread 1, Mon Mar 22 14:47:16 2021
VC = 166.....process -1, thread 3, Mon Mar 22 14:47:16 2021
DONE!
refGlobal : 166 
!-------------------Minimum vertex cover-------------------!
1   2   5   7   11   13   14   15   16   18   19   22   23   
24   25   26   28   33   37   39   42   47   48   52   54   
56   57   58   60   63   64   65   66   67   70   74   75   
81   83   84   86   88   89   93   95   99   104   105   107   
108   109   114   116   117   118   120   122   124   126   
127   129   130   134   136   138   139   140   142   145   
146   148   154   156   160   161   162   163   164   165   
167   168   169   171   172   176   178   179   182   184   
187   188   189   192   194   195   198   199   201   202   
203   204   206   209   211   212   213   215   216   222   
224   228   229   230   232   235   236   237   238   240   
242   243   244   247   248   251   255   256   257   258   
259   261   262   263   265   267   268   269   270   271   
272   274   276   277   278   279   284   287   288   289   
291   295   297   299   300   304   306   307   310   311   
312   316   317   318   319   320   322   325   327   331   
332   333   334   337   338   339   341   344   345   346   
348   356   357   358   362   363   365   368   369   372   
373   376   377   378   381   383   385   386   388   389   
390   391   392   393   395   396   397   398   399         
------------------------------------------------------------

path                             ../input/prob_4/400/00400_1
Initial graph size after preprocessing:                  202
Size:                                                    208
Found at depth:                                           20
Elapsed time:                                      0.09821 s
Number of leaves:                                          2
Maximum depth reached:                                    20
Idle time:                  0.000000               0.000000%
Pool idle time:           0.00593515                6.04333%
Successful requests:                                      55
!----------------------------------------------------------!



<end of output>
Test time =   0.10 sec
----------------------------------------------------------
Test Passed.
"void" end time: Mar 22 14:47 EDT
"void" time elapsed: 00:00:00
----------------------------------------------------------

2/4 Testing: non_void
2/4 Test: non_void
Command: "/home/andres/Documents/github/library/tests/non_void/non_void.out" "-N" "5" "-I" "../input/prob_4/400/00400_1"
Directory: /home/andres/Documents/github/library/build
"non_void" start time: Mar 22 14:47 EDT
Output:
----------------------------------------------------------
argc: 5, threads: 5, prob : 4, filename: ../input/prob_4/400/00400_1 
!-------------------------run # 1 -------------------------!
VC = 173....process -1, thread -1, Mon Mar 22 14:47:16 2021
VC = 166.....process -1, thread 3, Mon Mar 22 14:47:16 2021
DONE!
refGlobal : 166 
!-------------------Minimum vertex cover-------------------!
1   2   5   7   11   13   14   15   16   18   19   22   23   
24   25   26   28   33   37   39   42   47   48   52   54   
56   57   58   60   63   64   65   66   67   70   74   75   
81   83   84   86   88   89   93   95   99   104   105   107   
108   109   114   116   117   118   120   122   124   126   
127   129   130   134   136   138   139   140   142   145   
146   148   154   156   160   161   162   163   164   165   
167   168   169   171   172   176   178   179   182   184   
187   188   189   192   194   195   198   199   201   202   
203   204   206   209   211   212   213   215   216   222   
224   228   229   230   232   235   236   237   238   240   
242   243   244   247   248   251   255   256   257   258   
259   261   262   263   265   267   268   269   270   271   
272   274   276   277   278   279   284   287   288   289   
291   295   297   299   300   304   306   307   310   311   
312   316   317   318   319   320   322   325   327   331   
332   333   334   337   338   339   341   344   345   346   
348   356   357   358   362   363   365   368   369   372   
373   376   377   378   381   383   385   386   388   389   
390   391   392   393   395   396   397   398   399         
------------------------------------------------------------

path                             ../input/prob_4/400/00400_1
Initial graph size after preprocessing:                  202
Size:                                                    208
Found at depth:                                           20
Elapsed time:                                     0.209582 s
Number of leaves:                                          2
Maximum depth reached:                                    20
Idle time:                  0.108236              51.644013%
Pool idle time:           0.00190384               0.908401%
Successful requests:                                       7
!----------------------------------------------------------!



<end of output>
Test time =   0.22 sec
----------------------------------------------------------
Test Passed.
"non_void" end time: Mar 22 14:47 EDT
"non_void" time elapsed: 00:00:00
----------------------------------------------------------

3/4 Testing: void_mpi
3/4 Test: void_mpi
Command: "/usr/bin/mpirun" "-n" "6" "../tests/void_MPI/void_mpi.out" "-N" "1" "-I" "../input/prob_4/400/00400_1"
Directory: /home/andres/Documents/github/library/build
"void_mpi" start time: Mar 22 14:47 EDT
Output:
----------------------------------------------------------
argc: 5, threads: 1, prob : 4, filename: ../input/prob_4/400/00400_1 
argc: 5, threads: 1, prob : 4, filename: ../input/prob_4/400/00400_1 
argc: 5, threads: 1, prob : 4, filename: ../input/prob_4/400/00400_1 
argc: 5, threads: 1, prob : 4, filename: ../input/prob_4/400/00400_1 
argc: 5, threads: 1, prob : 4, filename: ../input/prob_4/400/00400_1 
argc: 5, threads: 1, prob : 4, filename: ../input/prob_4/400/00400_1 
Process 0 of 6 is on manager
Process 1 of 6 is on manager
Process 2 of 6 is on manager
Process 4 of 6 is on manager
Process 3 of 6 is on manager
Process 5 of 6 is on manager
rank 1 synchronised, num nodes = 5 
rank 2 synchronised, num nodes = 5 
rank 4 synchronised, num nodes = 5 
rank 5 synchronised, num nodes = 5 
rank 3 synchronised, num nodes = 5 
Seed sent 
VC = 175......process 1, thread 0, Mon Mar 22 14:47:18 2021
rank 1 updated refValueGlobalAbsolute to 175 || 175 
rank 1, buffer size to be sent : 1456 
VC = 173......process 4, thread 0, Mon Mar 22 14:47:18 2021
rank 4 updated refValueGlobalAbsolute to 173 || 173 
rank 4, buffer size to be sent : 1448 
VC = 169......process 2, thread 0, Mon Mar 22 14:47:18 2021
rank 2 updated refValueGlobalAbsolute to 169 || 169 
rank 2, buffer size to be sent : 1432 
VC = 166......process 5, thread 0, Mon Mar 22 14:47:18 2021
rank 5 updated refValueGlobalAbsolute to 166 || 166 
rank 5, buffer size to be sent : 1420 
Termination achieved: nodes 5, busy 0 
Exit tag received on process 2 
Exit tag received on process 1 
Exit tag received on process 3 
Exit tag received on process 5 
Exit tag received on process 4 
Center received a best result from 1, Bytes : 1456, refVal 175 
Center received a best result from 2, Bytes : 1432, refVal 169 
solution NOT received from rank 3
Center received a best result from 4, Bytes : 1448, refVal 173 
Center received a best result from 5, Bytes : 1420, refVal 166 

 
 
*****************************************************
Elapsed time : 0.192 
Total number of requests : 47 
Number of approved requests : 46 
Number of failed requests : 1 
*****************************************************

 
 
Stream retrieved, size : 1420 
Cover size : 208 

Global pool idle time: 0.072622 seconds


<end of output>
Test time =   2.54 sec
----------------------------------------------------------
Test Passed.
"void_mpi" end time: Mar 22 14:47 EDT
"void_mpi" time elapsed: 00:00:02
----------------------------------------------------------

4/4 Testing: non_void_mpi
4/4 Test: non_void_mpi
Command: "/usr/bin/mpirun" "-n" "6" "../tests/non_void_MPI/non_void_mpi.out" "-N" "1" "-I" "../input/prob_4/400/00400_1"
Directory: /home/andres/Documents/github/library/build
"non_void_mpi" start time: Mar 22 14:47 EDT
Output:
----------------------------------------------------------
argc: 5, threads: 1, prob : 4, filename: ../input/prob_4/400/00400_1 
argc: 5, threads: 1, prob : 4, filename: ../input/prob_4/400/00400_1 
argc: 5, threads: 1, prob : 4, filename: ../input/prob_4/400/00400_1 
argc: 5, threads: 1, prob : 4, filename: ../input/prob_4/400/00400_1 
argc: 5, threads: 1, prob : 4, filename: ../input/prob_4/400/00400_1 
argc: 5, threads: 1, prob : 4, filename: ../input/prob_4/400/00400_1 
Process 0 of 6 is on manager
Process 1 of 6 is on manager
Process 2 of 6 is on manager
Process 4 of 6 is on manager
Process 3 of 6 is on manager
Process 5 of 6 is on manager
rank 5 synchronised, num nodes = 5 
rank 3 synchronised, num nodes = 5 
rank 1 synchronised, num nodes = 5 
rank 2 synchronised, num nodes = 5 
rank 4 synchronised, num nodes = 5 
Seed sent 
VC = 175......process 1, thread 0, Mon Mar 22 14:47:18 2021
rank 1 updated refValueGlobalAbsolute to 175 || 175 
rank 1, buffer size to be sent : 1456 
VC = 173......process 4, thread 0, Mon Mar 22 14:47:18 2021
rank 4 updated refValueGlobalAbsolute to 173 || 173 
rank 4, buffer size to be sent : 1448 
VC = 169......process 2, thread 0, Mon Mar 22 14:47:18 2021
rank 2 updated refValueGlobalAbsolute to 169 || 169 
rank 2, buffer size to be sent : 1432 
VC = 166......process 5, thread 0, Mon Mar 22 14:47:18 2021
rank 5 updated refValueGlobalAbsolute to 166 || 166 
rank 5, buffer size to be sent : 1420 
Termination achieved: nodes 5, busy 0 
Exit tag received on process 2 
Exit tag received on process 1 
Exit tag received on process 3 
Exit tag received on process 5 
Exit tag received on process 4 
Center received a best result from 1, Bytes : 1420, refVal 166 
solution NOT received from rank 2
solution NOT received from rank 3
solution NOT received from rank 4
solution NOT received from rank 5

 
 
*****************************************************
Elapsed time : 0.178 
Total number of requests : 9 
Number of approved requests : 9 
Number of failed requests : 0 
*****************************************************

 
 
Stream retrieved, size : 1420 
Cover size : 208 

Global pool idle time: 0.093181 seconds


<end of output>
Test time =   2.73 sec
----------------------------------------------------------
Test Passed.
"non_void_mpi" end time: Mar 22 14:47 EDT
"non_void_mpi" time elapsed: 00:00:02
----------------------------------------------------------

End testing: Mar 22 14:47 EDT
