Start testing: Mar 17 18:05 EDT
----------------------------------------------------------
2/4 Testing: non_void
2/4 Test: non_void
Command: "/home/andres/Documents/github/library/tests/non_void/non_void.out" "-N" "5" "-I" "../input/prob_4/400/00400_1"
Directory: /home/andres/Documents/github/library/build
"non_void" start time: Mar 17 18:05 EDT
Output:
----------------------------------------------------------
argc: 5, threads: 5, prob : 4, filename: ../input/prob_4/400/00400_1 
!-------------------------run # 1 -------------------------!
MVC found so far has 178 elements......process -1, thread -1
MVC found so far has 175 elements.......process -1, thread 1
MVC found so far has 174 elements.......process -1, thread 3
MVC found so far has 173 elements.......process -1, thread 0
MVC found so far has 168 elements.......process -1, thread 2
DONE!
refGlobal : 168 
!-------------------Minimum vertex cover-------------------!
1   2   5   7   11   13   14   15   16   18   19   22   23   
24   25   26   28   33   37   39   42   47   48   52   54   
56   57   58   60   63   64   65   66   67   70   74   75   
81   83   84   86   88   89   93   95   99   104   105   107   
108   109   114   116   117   118   120   122   124   126   
127   129   130   134   136   138   139   140   142   145   
146   148   154   156   160   161   162   163   164   165   
167   168   169   171   172   176   178   179   182   184   
187   188   189   192   194   195   198   199   201   202   
203   204   206   209   211   212   213   215   216   222   
224   228   229   230   232   235   236   237   238   240   
242   243   244   247   248   251   255   256   257   258   
259   261   262   263   265   267   268   269   270   271   
272   274   276   277   278   279   284   287   288   289   
291   295   297   299   300   304   306   307   310   311   
312   316   317   318   319   320   322   325   327   331   
332   333   334   337   338   339   341   344   345   346   
348   356   357   358   362   363   365   368   369   372   
373   376   377   378   381   382   383   385   386   388   
389   390   391   392   393   394   395   396   397   398   
399                                                         
------------------------------------------------------------

path                             ../input/prob_4/400/00400_1
Initial graph size after preprocessing:                  202
Size:                                                    210
Found at depth:                                           20
Elapsed time:                                     0.180791 s
Number of leaves:                                          5
Maximum depth reached:                                    24
Idle time:                  0.074554              41.237677%
Pool idle time:            0.0294314                16.2793%
Successful requests:                                       8
!----------------------------------------------------------!



<end of output>
Test time =   0.19 sec
----------------------------------------------------------
Test Passed.
"non_void" end time: Mar 17 18:05 EDT
"non_void" time elapsed: 00:00:00
----------------------------------------------------------

1/4 Testing: void
1/4 Test: void
Command: "/home/andres/Documents/github/library/tests/void/void.out" "-N" "5" "-I" "../input/prob_4/400/00400_1"
Directory: /home/andres/Documents/github/library/build
"void" start time: Mar 17 18:05 EDT
Output:
----------------------------------------------------------
argc: 5, threads: 5, prob : 4, filename: ../input/prob_4/400/00400_1 
!-------------------------run # 1 -------------------------!
MVC found so far has 178 elements.......process -1, thread 0
MVC found so far has 177 elements.......process -1, thread 3
MVC found so far has 176 elements.......process -1, thread 3
MVC found so far has 174 elements.......process -1, thread 2
MVC found so far has 173 elements.......process -1, thread 2
MVC found so far has 168 elements.......process -1, thread 4
DONE!
refGlobal : 168 
!-------------------Minimum vertex cover-------------------!
1   2   5   7   11   13   14   15   16   18   19   22   23   
24   25   26   28   33   37   39   42   47   48   52   54   
56   57   58   60   63   64   65   66   67   70   74   75   
81   83   84   86   88   89   93   95   99   104   105   107   
108   109   114   116   117   118   120   122   124   126   
127   129   130   134   136   138   139   140   142   145   
146   148   154   156   160   161   162   163   164   165   
167   168   169   171   172   176   178   179   182   184   
187   188   189   192   194   195   198   199   201   202   
203   204   206   209   211   212   213   215   216   222   
224   228   229   230   232   235   236   237   238   240   
242   243   244   247   248   251   255   256   257   258   
259   261   262   263   265   267   268   269   270   271   
272   274   276   277   278   279   284   287   288   289   
291   295   297   299   300   304   306   307   310   311   
312   316   317   318   319   320   322   325   327   331   
332   333   334   337   338   339   341   344   345   346   
348   356   357   358   362   363   365   368   369   372   
373   376   377   378   381   382   383   385   386   388   
389   390   391   392   393   394   395   396   397   398   
399                                                         
------------------------------------------------------------

path                             ../input/prob_4/400/00400_1
Initial graph size after preprocessing:                  202
Size:                                                    210
Found at depth:                                           20
Elapsed time:                                     0.249341 s
Number of leaves:                                          6
Maximum depth reached:                                    24
Idle time:                  0.000000               0.000000%
Pool idle time:            0.0148382                5.95097%
Successful requests:                                      35
!----------------------------------------------------------!



<end of output>
Test time =   0.25 sec
----------------------------------------------------------
Test Passed.
"void" end time: Mar 17 18:05 EDT
"void" time elapsed: 00:00:00
----------------------------------------------------------

4/4 Testing: non_void_mpi
4/4 Test: non_void_mpi
Command: "/usr/bin/mpirun" "-n" "6" "../tests/non_void_MPI/non_void_mpi.out" "-N" "1" "-I" "../input/prob_4/400/00400_1"
Directory: /home/andres/Documents/github/library/build
"non_void_mpi" start time: Mar 17 18:05 EDT
Output:
----------------------------------------------------------
argc: 5, threads: 1, prob : 4, filename: ../input/prob_4/400/00400_1 
argc: 5, threads: 1, prob : 4, filename: ../input/prob_4/400/00400_1 
argc: 5, threads: 1, prob : 4, filename: ../input/prob_4/400/00400_1 
argc: 5, threads: 1, prob : 4, filename: ../input/prob_4/400/00400_1 
argc: 5, threads: 1, prob : 4, filename: ../input/prob_4/400/00400_1 
argc: 5, threads: 1, prob : 4, filename: ../input/prob_4/400/00400_1 
Scheduler started!! 
MVC found so far has 178 elements........process 1, thread 0
rank 1 updated refValueGlobalAbsolute to 178 || 178 
rank 1, buffer size to be sent : 1468 
MVC found so far has 177 elements........process 2, thread 0
rank 2 updated refValueGlobalAbsolute to 177 || 177 
rank 2, buffer size to be sent : 1464 
MVC found so far has 168 elements........process 5, thread 0
rank 5 updated refValueGlobalAbsolute to 168 || 168 
rank 5, buffer size to be sent : 1428 
BusyNodes = 0 achieved 
Exit tag received on process 2 
Exit tag received on process 1 
Exit tag received on process 4 
Exit tag received on process 5 
Exit tag received on process 3 

 
 
*****************************************************
Elapsed time : 0.177 
Total number of requests : 9 
Number of approved requests : 7 
Number of failed requests : 2 
*****************************************************

 
 
Stream retrieved, size : 1428 
Cover size : 210 

Global pool idle time: 0.003508 seconds


<end of output>
Test time =   2.72 sec
----------------------------------------------------------
Test Passed.
"non_void_mpi" end time: Mar 17 18:05 EDT
"non_void_mpi" time elapsed: 00:00:02
----------------------------------------------------------

3/4 Testing: void_mpi
3/4 Test: void_mpi
Command: "/usr/bin/mpirun" "-n" "6" "../tests/void_MPI/void_mpi.out" "-N" "1" "-I" "../input/prob_4/400/00400_1"
Directory: /home/andres/Documents/github/library/build
"void_mpi" start time: Mar 17 18:05 EDT
Output:
----------------------------------------------------------
argc: 5, threads: 1, prob : 4, filename: ../input/prob_4/400/00400_1 
argc: 5, threads: 1, prob : 4, filename: ../input/prob_4/400/00400_1 
argc: 5, threads: 1, prob : 4, filename: ../input/prob_4/400/00400_1 
argc: 5, threads: 1, prob : 4, filename: ../input/prob_4/400/00400_1 
argc: 5, threads: 1, prob : 4, filename: ../input/prob_4/400/00400_1 
argc: 5, threads: 1, prob : 4, filename: ../input/prob_4/400/00400_1 
--------------------------------------------------------------------------
Primary job  terminated normally, but 1 process returned
a non-zero exit code. Per user-direction, the job has been aborted.
--------------------------------------------------------------------------
--------------------------------------------------------------------------
mpirun noticed that process rank 2 with PID 0 on node manager exited on signal 15 (Terminated).
--------------------------------------------------------------------------
<end of output>
Test time =  91.29 sec
----------------------------------------------------------
Test Failed.
"void_mpi" end time: Mar 17 18:07 EDT
"void_mpi" time elapsed: 00:01:31
----------------------------------------------------------

End testing: Mar 17 18:07 EDT
